<?xml version="1.0" encoding="UTF-8"?>
<!-- Generated by org.testng.reporters.JUnitReportReporter -->
<testsuite hostname="Mostafa-Sayed" failures="0" tests="3" name="tests.SearchUserTest" time="13.629" errors="0" timestamp="2024-10-13T12:15:42 EEST" skipped="0">
  <testcase classname="tests.SearchUserTest" name="ClickonPim" time="6.966"/>
  <testcase classname="tests.SearchUserTest" name="SearchForEmployee" time="0.610"/>
  <testcase classname="tests.SearchUserTest" name="RegisteredUserCanLogin" time="6.053"/>
</testsuite> <!-- tests.SearchUserTest -->
