<?xml version="1.0" encoding="UTF-8"?>
<!-- Generated by org.testng.reporters.JUnitReportReporter -->
<testsuite hostname="Mostafa-Sayed" failures="0" tests="3" name="tests.SearchUserTest" time="4.192" errors="0" timestamp="2024-10-13T09:55:35 EEST" skipped="0">
  <testcase classname="tests.SearchUserTest" name="SearchForEmployee" time="0.464"/>
  <testcase classname="tests.SearchUserTest" name="ClickonPim" time="2.291"/>
  <testcase classname="tests.SearchUserTest" name="RegisteredUserCanLogin" time="1.437"/>
</testsuite> <!-- tests.SearchUserTest -->
