<?xml version="1.0" encoding="UTF-8"?>
<!-- Generated by org.testng.reporters.JUnitReportReporter -->
<testsuite hostname="Mostafa-Sayed" failures="0" tests="1" name="tests.post" time="4.666" errors="0" timestamp="2024-10-11T18:13:08 EEST" skipped="0">
  <testcase classname="tests.post" name="testAddUserAndUserDetails" time="4.666"/>
</testsuite> <!-- tests.post -->
