<?xml version="1.0" encoding="UTF-8"?>
<!-- Generated by org.testng.reporters.JUnitReportReporter -->
<testsuite hostname="Mostafa-Sayed" failures="0" tests="1" name="tests.JobDetails" time="4.302" errors="0" timestamp="2024-10-13T09:23:38 EEST" skipped="0">
  <testcase classname="tests.JobDetails" name="Editjop" time="4.302"/>
</testsuite> <!-- tests.JobDetails -->
