<?xml version="1.0" encoding="UTF-8"?>
<!-- Generated by org.testng.reporters.JUnitReportReporter -->
<testsuite hostname="Mostafa-Sayed" failures="0" tests="3" name="tests.SearchUserTest" time="5.163" errors="0" timestamp="2024-10-12T18:23:04 EEST" skipped="0">
  <testcase classname="tests.SearchUserTest" name="ClickonPim" time="1.492"/>
  <testcase classname="tests.SearchUserTest" name="SearchForEmployee" time="0.779"/>
  <testcase classname="tests.SearchUserTest" name="RegisteredUserCanLogin" time="2.892"/>
</testsuite> <!-- tests.SearchUserTest -->
